{"contracts/Lottery.sol":{"l":{"61":3,"62":3,"63":3,"64":3,"65":3,"66":3,"67":3,"68":3,"72":5,"73":1,"75":4,"76":1,"78":3,"79":3,"92":1,"93":1,"95":1,"96":1,"97":1,"103":1,"104":1,"105":0,"111":1,"112":1,"127":0,"128":0,"129":0,"131":0,"132":0,"133":0,"135":0,"136":0,"137":0,"143":9,"147":0,"151":1,"155":0,"159":1,"163":0,"167":2},"path":"/home/robel/solidity_course/lottery_backend/contracts/Lottery.sol","s":{"1":3,"2":3,"3":3,"4":3,"5":3,"6":3,"7":3,"8":3,"9":5,"10":4,"11":3,"12":3,"13":1,"14":1,"15":1,"16":1,"17":1,"18":1,"19":1,"20":1,"21":1,"22":0,"23":0,"24":0,"25":0,"26":0,"27":0,"28":0,"29":0,"30":9,"31":0,"32":1,"33":0,"34":1,"35":0,"36":2},"b":{"1":[1,4],"2":[1,3],"3":[0,1],"4":[0,0]},"f":{"1":3,"2":5,"3":1,"4":1,"5":0,"6":9,"7":0,"8":1,"9":0,"10":1,"11":0,"12":2},"fnMap":{"1":{"name":"constructor","line":60,"loc":{"start":{"line":53,"column":4},"end":{"line":69,"column":4}}},"2":{"name":"enterLottery","line":71,"loc":{"start":{"line":71,"column":4},"end":{"line":80,"column":4}}},"3":{"name":"checkUpkeep","line":82,"loc":{"start":{"line":82,"column":4},"end":{"line":98,"column":4}}},"4":{"name":"performUpkeep","line":100,"loc":{"start":{"line":100,"column":4},"end":{"line":121,"column":4}}},"5":{"name":"fulfillRandomWords","line":123,"loc":{"start":{"line":123,"column":4},"end":{"line":138,"column":4}}},"6":{"name":"getEntranceFee","line":142,"loc":{"start":{"line":142,"column":4},"end":{"line":144,"column":4}}},"7":{"name":"getLatestWinner","line":146,"loc":{"start":{"line":146,"column":4},"end":{"line":148,"column":4}}},"8":{"name":"getLotteryState","line":150,"loc":{"start":{"line":150,"column":4},"end":{"line":152,"column":4}}},"9":{"name":"getNumberOfPlayers","line":154,"loc":{"start":{"line":154,"column":4},"end":{"line":156,"column":4}}},"10":{"name":"getPlayerAtIndex","line":158,"loc":{"start":{"line":158,"column":4},"end":{"line":160,"column":4}}},"11":{"name":"getLatestTimeStamp","line":162,"loc":{"start":{"line":162,"column":4},"end":{"line":164,"column":4}}},"12":{"name":"getInterval","line":166,"loc":{"start":{"line":166,"column":4},"end":{"line":168,"column":4}}}},"statementMap":{"1":{"start":{"line":61,"column":8},"end":{"line":61,"column":69}},"2":{"start":{"line":62,"column":8},"end":{"line":62,"column":34}},"3":{"start":{"line":63,"column":8},"end":{"line":63,"column":26}},"4":{"start":{"line":64,"column":8},"end":{"line":64,"column":40}},"5":{"start":{"line":65,"column":8},"end":{"line":65,"column":44}},"6":{"start":{"line":66,"column":8},"end":{"line":66,"column":41}},"7":{"start":{"line":67,"column":8},"end":{"line":67,"column":40}},"8":{"start":{"line":68,"column":8},"end":{"line":68,"column":36}},"9":{"start":{"line":72,"column":8},"end":{"line":72,"column":2196}},"10":{"start":{"line":75,"column":8},"end":{"line":75,"column":2295}},"11":{"start":{"line":78,"column":8},"end":{"line":78,"column":42}},"12":{"start":{"line":79,"column":8},"end":{"line":79,"column":39}},"13":{"start":{"line":92,"column":8},"end":{"line":92,"column":57}},"14":{"start":{"line":93,"column":8},"end":{"line":93,"column":2775}},"15":{"start":{"line":95,"column":8},"end":{"line":95,"column":46}},"16":{"start":{"line":96,"column":8},"end":{"line":96,"column":51}},"17":{"start":{"line":97,"column":8},"end":{"line":97,"column":70}},"18":{"start":{"line":103,"column":8},"end":{"line":103,"column":47}},"19":{"start":{"line":104,"column":8},"end":{"line":104,"column":3175}},"20":{"start":{"line":111,"column":8},"end":{"line":111,"column":48}},"21":{"start":{"line":112,"column":8},"end":{"line":112,"column":3436}},"22":{"start":{"line":127,"column":8},"end":{"line":127,"column":63}},"23":{"start":{"line":128,"column":8},"end":{"line":128,"column":61}},"24":{"start":{"line":129,"column":8},"end":{"line":129,"column":36}},"25":{"start":{"line":131,"column":8},"end":{"line":131,"column":78}},"26":{"start":{"line":132,"column":8},"end":{"line":132,"column":4067}},"27":{"start":{"line":135,"column":8},"end":{"line":135,"column":43}},"28":{"start":{"line":136,"column":8},"end":{"line":136,"column":40}},"29":{"start":{"line":137,"column":8},"end":{"line":137,"column":39}},"30":{"start":{"line":143,"column":8},"end":{"line":143,"column":28}},"31":{"start":{"line":147,"column":8},"end":{"line":147,"column":29}},"32":{"start":{"line":151,"column":8},"end":{"line":151,"column":29}},"33":{"start":{"line":155,"column":8},"end":{"line":155,"column":31}},"34":{"start":{"line":159,"column":8},"end":{"line":159,"column":27}},"35":{"start":{"line":163,"column":8},"end":{"line":163,"column":30}},"36":{"start":{"line":167,"column":8},"end":{"line":167,"column":29}}},"branchMap":{"1":{"line":72,"type":"if","locations":[{"start":{"line":72,"column":8},"end":{"line":72,"column":8}},{"start":{"line":72,"column":8},"end":{"line":72,"column":8}}]},"2":{"line":75,"type":"if","locations":[{"start":{"line":75,"column":8},"end":{"line":75,"column":8}},{"start":{"line":75,"column":8},"end":{"line":75,"column":8}}]},"3":{"line":104,"type":"if","locations":[{"start":{"line":104,"column":8},"end":{"line":104,"column":8}},{"start":{"line":104,"column":8},"end":{"line":104,"column":8}}]},"4":{"line":132,"type":"if","locations":[{"start":{"line":132,"column":8},"end":{"line":132,"column":8}},{"start":{"line":132,"column":8},"end":{"line":132,"column":8}}]}}},"contracts/tests/VRFCoordinatorV2Mock.sol":{"l":{},"path":"/home/robel/solidity_course/lottery_backend/contracts/tests/VRFCoordinatorV2Mock.sol","s":{},"b":{},"f":{},"fnMap":{},"statementMap":{},"branchMap":{}}}