TN:
SF:/home/robel/solidity_course/lottery_backend/contracts/Lottery.sol
FN:60,constructor
FN:71,enterLottery
FN:82,checkUpkeep
FN:100,performUpkeep
FN:123,fulfillRandomWords
FN:142,getEntranceFee
FN:146,getLatestWinner
FN:150,getLotteryState
FN:154,getNumberOfPlayers
FN:158,getPlayerAtIndex
FN:162,getLatestTimeStamp
FN:166,getInterval
FNF:12
FNH:8
FNDA:3,constructor
FNDA:5,enterLottery
FNDA:1,checkUpkeep
FNDA:1,performUpkeep
FNDA:0,fulfillRandomWords
FNDA:9,getEntranceFee
FNDA:0,getLatestWinner
FNDA:1,getLotteryState
FNDA:0,getNumberOfPlayers
FNDA:1,getPlayerAtIndex
FNDA:0,getLatestTimeStamp
FNDA:2,getInterval
DA:61,3
DA:62,3
DA:63,3
DA:64,3
DA:65,3
DA:66,3
DA:67,3
DA:68,3
DA:72,5
DA:73,1
DA:75,4
DA:76,1
DA:78,3
DA:79,3
DA:92,1
DA:93,1
DA:95,1
DA:96,1
DA:97,1
DA:103,1
DA:104,1
DA:105,0
DA:111,1
DA:112,1
DA:127,0
DA:128,0
DA:129,0
DA:131,0
DA:132,0
DA:133,0
DA:135,0
DA:136,0
DA:137,0
DA:143,9
DA:147,0
DA:151,1
DA:155,0
DA:159,1
DA:163,0
DA:167,2
LF:40
LH:27
BRDA:72,1,0,1
BRDA:72,1,1,4
BRDA:75,2,0,1
BRDA:75,2,1,3
BRDA:104,3,0,0
BRDA:104,3,1,1
BRDA:132,4,0,0
BRDA:132,4,1,0
BRF:8
BRH:5
end_of_record
TN:
SF:/home/robel/solidity_course/lottery_backend/contracts/tests/VRFCoordinatorV2Mock.sol
FNF:0
FNH:0
LF:0
LH:0
BRF:0
BRH:0
end_of_record
